\BOOKMARK [1][-]{section.1}{\376\377\000V\000u\000e\000\040\000d\000'\000e\000n\000s\000e\000m\000b\000l\000e}{}% 1
\BOOKMARK [2][-]{subsection.1.1}{\376\377\000A\000r\000c\000h\000i\000t\000e\000c\000t\000u\000r\000e\000\040\000d\000u\000\040\000S\000y\000s\000t\000\350\000m\000e}{section.1}% 2
\BOOKMARK [1][-]{section.2}{\376\377\000\311\000t\000a\000p\000e\000\040\0001\000\040\000:\000\040\000A\000j\000o\000u\000t\000e\000r\000\040\000l\000e\000\040\000N\000o\000u\000v\000e\000a\000u\000\040\000S\000e\000r\000v\000i\000c\000e}{}% 3
\BOOKMARK [2][-]{subsection.2.1}{\376\377\000C\000r\000\351\000a\000t\000i\000o\000n\000\040\000d\000u\000\040\000F\000i\000c\000h\000i\000e\000r}{section.2}% 4
\BOOKMARK [2][-]{subsection.2.2}{\376\377\000S\000t\000r\000u\000c\000t\000u\000r\000e\000\040\000d\000u\000\040\000S\000e\000r\000v\000i\000c\000e}{section.2}% 5
\BOOKMARK [2][-]{subsection.2.3}{\376\377\000C\000o\000n\000s\000t\000a\000n\000t\000e\000s\000\040\000d\000u\000\040\000S\000e\000r\000v\000i\000c\000e}{section.2}% 6
\BOOKMARK [1][-]{section.3}{\376\377\000\311\000t\000a\000p\000e\000\040\0002\000\040\000:\000\040\000M\000o\000d\000i\000f\000i\000e\000r\000\040\000l\000e\000\040\000C\000o\000n\000t\000r\000\364\000l\000e\000u\000r}{}% 7
\BOOKMARK [2][-]{subsection.3.1}{\376\377\000I\000n\000j\000e\000c\000t\000i\000o\000n\000\040\000d\000u\000\040\000S\000e\000r\000v\000i\000c\000e}{section.3}% 8
\BOOKMARK [2][-]{subsection.3.2}{\376\377\000A\000j\000o\000u\000t\000\040\000d\000e\000\040\000l\000'\000E\000n\000d\000p\000o\000i\000n\000t}{section.3}% 9
\BOOKMARK [1][-]{section.4}{\376\377\000\311\000t\000a\000p\000e\000\040\0003\000\040\000:\000\040\000T\000e\000s\000t\000\040\000d\000u\000\040\000S\000y\000s\000t\000\350\000m\000e}{}% 10
\BOOKMARK [2][-]{subsection.4.1}{\376\377\000T\000e\000s\000t\000\040\000a\000v\000e\000c\000\040\000c\000U\000R\000L}{section.4}% 11
\BOOKMARK [2][-]{subsection.4.2}{\376\377\000R\000\351\000p\000o\000n\000s\000e\000\040\000A\000t\000t\000e\000n\000d\000u\000e}{section.4}% 12
\BOOKMARK [1][-]{section.5}{\376\377\000C\000o\000m\000p\000a\000r\000a\000i\000s\000o\000n\000\040\000A\000n\000c\000i\000e\000n\000\040\000v\000s\000\040\000N\000o\000u\000v\000e\000a\000u}{}% 13
\BOOKMARK [1][-]{section.6}{\376\377\000F\000o\000n\000c\000t\000i\000o\000n\000n\000e\000m\000e\000n\000t\000\040\000D\000\351\000t\000a\000i\000l\000l\000\351}{}% 14
\BOOKMARK [2][-]{subsection.6.1}{\376\377\000R\000\351\000c\000u\000p\000\351\000r\000a\000t\000i\000o\000n\000\040\000d\000e\000s\000\040\000C\000o\000m\000m\000a\000n\000d\000e\000s\000\040\000p\000a\000r\000\040\000S\000t\000a\000t\000u\000s}{section.6}% 15
\BOOKMARK [2][-]{subsection.6.2}{\376\377\000R\000\351\000c\000u\000p\000\351\000r\000a\000t\000i\000o\000n\000\040\000d\000e\000s\000\040\000E\000m\000p\000l\000o\000y\000\351\000s\000\040\000p\000a\000r\000\040\000R\000\364\000l\000e}{section.6}% 16
\BOOKMARK [2][-]{subsection.6.3}{\376\377\000A\000l\000g\000o\000r\000i\000t\000h\000m\000e\000\040\000d\000'\000A\000s\000s\000i\000g\000n\000m\000e\000n\000t}{section.6}% 17
\BOOKMARK [1][-]{section.7}{\376\377\000C\000o\000n\000f\000i\000g\000u\000r\000a\000t\000i\000o\000n\000\040\000d\000e\000s\000\040\000R\000\364\000l\000e\000s}{}% 18
\BOOKMARK [2][-]{subsection.7.1}{\376\377\000V\000\351\000r\000i\000f\000i\000c\000a\000t\000i\000o\000n\000\040\000d\000e\000s\000\040\000R\000\364\000l\000e\000s\000\040\000E\000x\000i\000s\000t\000a\000n\000t\000s}{section.7}% 19
\BOOKMARK [2][-]{subsection.7.2}{\376\377\000A\000s\000s\000i\000g\000n\000e\000r\000\040\000u\000n\000\040\000R\000\364\000l\000e\000\040\000\340\000\040\000u\000n\000\040\000E\000m\000p\000l\000o\000y\000\351}{section.7}% 20
\BOOKMARK [2][-]{subsection.7.3}{\376\377\000V\000i\000a\000\040\000l\000'\000I\000n\000t\000e\000r\000f\000a\000c\000e\000\040\000W\000e\000b}{section.7}% 21
\BOOKMARK [1][-]{section.8}{\376\377\000M\000\351\000t\000r\000i\000q\000u\000e\000s\000\040\000e\000t\000\040\000M\000o\000n\000i\000t\000o\000r\000i\000n\000g}{}% 22
\BOOKMARK [2][-]{subsection.8.1}{\376\377\000M\000\351\000t\000r\000i\000q\000u\000e\000s\000\040\000p\000a\000r\000\040\000T\000y\000p\000e\000\040\000d\000e\000\040\000C\000o\000m\000m\000a\000n\000d\000e}{section.8}% 23
\BOOKMARK [2][-]{subsection.8.2}{\376\377\000M\000\351\000t\000r\000i\000q\000u\000e\000s\000\040\000p\000a\000r\000\040\000R\000\364\000l\000e}{section.8}% 24
\BOOKMARK [2][-]{subsection.8.3}{\376\377\000M\000\351\000t\000r\000i\000q\000u\000e\000s\000\040\000p\000a\000r\000\040\000E\000m\000p\000l\000o\000y\000\351}{section.8}% 25
\BOOKMARK [1][-]{section.9}{\376\377\000U\000t\000i\000l\000i\000s\000a\000t\000i\000o\000n\000\040\000d\000e\000p\000u\000i\000s\000\040\000l\000e\000\040\000F\000r\000o\000n\000t\000e\000n\000d}{}% 26
\BOOKMARK [2][-]{subsection.9.1}{\376\377\000A\000p\000p\000e\000l\000\040\000d\000e\000p\000u\000i\000s\000\040\000V\000u\000e\000.\000j\000s\000/\000T\000y\000p\000e\000S\000c\000r\000i\000p\000t}{section.9}% 27
\BOOKMARK [1][-]{section.10}{\376\377\000P\000o\000i\000n\000t\000s\000\040\000I\000m\000p\000o\000r\000t\000a\000n\000t\000s}{}% 28
\BOOKMARK [2][-]{subsection.10.1}{\376\377\000V\000a\000l\000i\000d\000a\000t\000i\000o\000n\000\040\000d\000e\000s\000\040\000R\000\364\000l\000e\000s}{section.10}% 29
\BOOKMARK [2][-]{subsection.10.2}{\376\377\000S\000u\000r\000c\000h\000a\000r\000g\000e\000\040\000d\000e\000s\000\040\000E\000m\000p\000l\000o\000y\000\351\000s}{section.10}% 30
\BOOKMARK [2][-]{subsection.10.3}{\376\377\000N\000e\000t\000t\000o\000y\000a\000g\000e\000\040\000d\000e\000s\000\040\000P\000l\000a\000n\000n\000i\000n\000g\000s}{section.10}% 31
\BOOKMARK [1][-]{section.11}{\376\377\000M\000i\000g\000r\000a\000t\000i\000o\000n\000\040\000d\000e\000p\000u\000i\000s\000\040\000l\000'\000A\000n\000c\000i\000e\000n\000\040\000S\000y\000s\000t\000\350\000m\000e}{}% 32
\BOOKMARK [2][-]{subsection.11.1}{\376\377\000O\000p\000t\000i\000o\000n\000\040\0001\000\040\000:\000\040\000R\000e\000m\000p\000l\000a\000c\000e\000m\000e\000n\000t\000\040\000C\000o\000m\000p\000l\000e\000t}{section.11}% 33
\BOOKMARK [2][-]{subsection.11.2}{\376\377\000O\000p\000t\000i\000o\000n\000\040\0002\000\040\000:\000\040\000C\000o\000e\000x\000i\000s\000t\000e\000n\000c\000e}{section.11}% 34
\BOOKMARK [1][-]{section.12}{\376\377\000A\000m\000\351\000l\000i\000o\000r\000a\000t\000i\000o\000n\000s\000\040\000F\000u\000t\000u\000r\000e\000s}{}% 35
\BOOKMARK [1][-]{section.13}{\376\377\000F\000A\000Q}{}% 36
\BOOKMARK [2][-]{subsection.13.1}{\376\377\000Q\000u\000e\000\040\000s\000e\000\040\000p\000a\000s\000s\000e\000-\000t\000-\000i\000l\000\040\000s\000i\000\040\000u\000n\000\040\000e\000m\000p\000l\000o\000y\000\351\000\040\000a\000\040\000p\000l\000u\000s\000i\000e\000u\000r\000s\000\040\000r\000\364\000l\000e\000s\000\040\000?}{section.13}% 37
\BOOKMARK [2][-]{subsection.13.2}{\376\377\000C\000o\000m\000m\000e\000n\000t\000\040\000g\000\351\000r\000e\000r\000\040\000l\000e\000s\000\040\000c\000o\000m\000m\000a\000n\000d\000e\000s\000\040\000u\000r\000g\000e\000n\000t\000e\000s\000\040\000\050\000X\000,\000\040\000F\000+\000\051\000\040\000?}{section.13}% 38
\BOOKMARK [2][-]{subsection.13.3}{\376\377\000P\000e\000u\000t\000-\000o\000n\000\040\000l\000i\000m\000i\000t\000e\000r\000\040\000l\000e\000\040\000n\000o\000m\000b\000r\000e\000\040\000d\000e\000\040\000c\000o\000m\000m\000a\000n\000d\000e\000s\000\040\000p\000a\000r\000\040\000e\000m\000p\000l\000o\000y\000\351\000\040\000?}{section.13}% 39
\BOOKMARK [2][-]{subsection.13.4}{\376\377\000C\000o\000m\000m\000e\000n\000t\000\040\000v\000o\000i\000r\000\040\000l\000a\000\040\000r\000\351\000p\000a\000r\000t\000i\000t\000i\000o\000n\000\040\000a\000v\000a\000n\000t\000\040\000d\000e\000\040\000v\000a\000l\000i\000d\000e\000r\000\040\000?}{section.13}% 40
\BOOKMARK [1][-]{section.14}{\376\377\000S\000u\000p\000p\000o\000r\000t\000\040\000e\000t\000\040\000D\000\351\000p\000a\000n\000n\000a\000g\000e}{}% 41
